<?xml version="1.0" encoding="UTF-8"?>
<!-- Generated by org.testng.reporters.JUnitReportReporter -->
<testsuite hostname="DESKTOP-7GCNJAG" failures="0" tests="2" name="com.DataDrivenExcel.GetExcelHashMap" time="0.011" errors="0" timestamp="2021-06-18T19:39:08 IST" skipped="0">
  <testcase classname="com.DataDrivenExcel.GetExcelHashMap" name="displayExcelData" time="0.009"/>
  <system-out/>
  <testcase classname="com.DataDrivenExcel.GetExcelHashMap" name="displayExcelData" time="0.002"/>
  <system-out/>
</testsuite> <!-- com.DataDrivenExcel.GetExcelHashMap -->
