<?xml version="1.0" encoding="UTF-8"?>
<!-- Generated by org.testng.reporters.JUnitReportReporter -->
<testsuite hostname="DESKTOP-7GCNJAG" failures="0" tests="2" name="Academy1.HomePage" time="18.980" errors="0" timestamp="2021-05-12T20:43:15 IST" skipped="0">
  <testcase classname="Academy1.HomePage" name="click" time="9.409"/>
  <system-out/>
  <testcase classname="Academy1.HomePage" name="click" time="9.571"/>
  <system-out/>
</testsuite> <!-- Academy1.HomePage -->
