<?xml version="1.0" encoding="UTF-8"?>
<!-- Generated by org.testng.reporters.JUnitReportReporter -->
<testsuite hostname="DESKTOP-7GCNJAG" failures="0" tests="1" name="Academy1.ValidateNavigationBar" time="20.541" errors="0" timestamp="2021-05-12T20:43:15 IST" skipped="0">
  <testcase classname="Academy1.ValidateNavigationBar" name="checkNavigation" time="20.541"/>
  <system-out/>
</testsuite> <!-- Academy1.ValidateNavigationBar -->
