<?xml version="1.0" encoding="UTF-8"?>
<!-- Generated by org.testng.reporters.JUnitReportReporter -->
<testsuite hostname="DESKTOP-7GCNJAG" failures="0" tests="3" name="createLibrary.BookCreation" time="7.532" errors="0" timestamp="2021-04-07T11:28:57 IST" skipped="0">
  <testcase classname="createLibrary.BookCreation" name="BookLib" time="0.329"/>
  <system-out/>
  <testcase classname="createLibrary.BookCreation" name="BookLib" time="6.875"/>
  <system-out/>
  <testcase classname="createLibrary.BookCreation" name="BookLib" time="0.328"/>
  <system-out/>
</testsuite> <!-- createLibrary.BookCreation -->
