<?xml version="1.0" encoding="UTF-8"?>
<!-- Generated by org.testng.reporters.JUnitReportReporter -->
<testsuite hostname="DESKTOP-7GCNJAG" failures="0" tests="1" name="com.testNG.MethodDemo" time="0.007" errors="0" timestamp="2021-03-02T10:16:42 IST" skipped="0">
  <testcase classname="com.testNG.MethodDemo" name="f" time="0.007"/>
  <system-out/>
</testsuite> <!-- com.testNG.MethodDemo -->
