<?xml version="1.0" encoding="UTF-8"?>
<!-- Generated by org.testng.reporters.JUnitReportReporter -->
<testsuite hostname="DESKTOP-7GCNJAG" failures="0" tests="1" name="com.testNG.GoogleLaunch" time="10.287" errors="0" timestamp="2021-03-02T11:26:09 IST" skipped="0">
  <testcase classname="com.testNG.GoogleLaunch" name="f" time="10.287"/>
  <system-out/>
</testsuite> <!-- com.testNG.GoogleLaunch -->
