<?xml version="1.0" encoding="UTF-8"?>
<!-- Generated by org.testng.reporters.JUnitReportReporter -->
<testsuite hostname="DESKTOP-7GCNJAG" failures="0" tests="2" name="com.testNG.EbayHome_Sanity" time="13.993" errors="0" timestamp="2021-03-04T09:31:41 IST" skipped="0">
  <testcase classname="com.testNG.EbayHome_Sanity" name="empty_search_test" time="6.538"/>
  <system-out/>
  <testcase classname="com.testNG.EbayHome_Sanity" name="second_search_test" time="7.455"/>
  <system-out/>
</testsuite> <!-- com.testNG.EbayHome_Sanity -->
