<?xml version="1.0" encoding="UTF-8"?>
<!-- Generated by org.testng.reporters.JUnitReportReporter -->
<testsuite hostname="DESKTOP-7GCNJAG" failures="0" tests="1" name="com.pdf.compare.SecondInvoiceConversion" time="0.128" errors="0" timestamp="2021-04-12T12:30:38 IST" skipped="0">
  <testcase classname="com.pdf.compare.SecondInvoiceConversion" name="secondfilterdata" time="0.128"/>
  <system-out/>
</testsuite> <!-- com.pdf.compare.SecondInvoiceConversion -->
