<?xml version="1.0" encoding="UTF-8"?>
<!-- Generated by org.testng.reporters.JUnitReportReporter -->
<testsuite hostname="DESKTOP-7GCNJAG" failures="0" tests="1" name="com.pdf.compare.MergeFile" time="0.427" errors="0" timestamp="2021-04-22T10:20:52 IST" skipped="0">
  <testcase classname="com.pdf.compare.MergeFile" name="LoadFile" time="0.427"/>
  <system-out/>
</testsuite> <!-- com.pdf.compare.MergeFile -->
