<?xml version="1.0" encoding="UTF-8"?>
<!-- Generated by org.testng.reporters.JUnitReportReporter -->
<testsuite hostname="DESKTOP-7GCNJAG" failures="0" tests="4" name="com.crm.qa.testcases.ContactPageTest" time="179.060" errors="0" timestamp="2021-03-30T17:31:36 IST" skipped="0">
  <testcase classname="com.crm.qa.testcases.ContactPageTest" name="loginintouser" time="54.988"/>
  <system-out/>
  <testcase classname="com.crm.qa.testcases.ContactPageTest" name="loginintouser" time="54.755"/>
  <system-out/>
  <testcase classname="com.crm.qa.testcases.ContactPageTest" name="loginintouser" time="44.032"/>
  <system-out/>
  <testcase classname="com.crm.qa.testcases.ContactPageTest" name="loginintouser" time="25.285"/>
  <system-out/>
</testsuite> <!-- com.crm.qa.testcases.ContactPageTest -->
