<?xml version="1.0" encoding="UTF-8"?>
<!-- Generated by org.testng.reporters.JUnitReportReporter -->
<testsuite hostname="DESKTOP-7GCNJAG" failures="0" tests="1" name="com.pdf.compare.TestContinue" time="0.655" errors="0" timestamp="2021-04-14T18:41:59 IST" skipped="0">
  <testcase classname="com.pdf.compare.TestContinue" name="continueTest" time="0.655"/>
  <system-out/>
</testsuite> <!-- com.pdf.compare.TestContinue -->
