<?xml version="1.0" encoding="UTF-8"?>
<!-- Generated by org.testng.reporters.JUnitReportReporter -->
<testsuite hostname="DESKTOP-7GCNJAG" failures="0" tests="1" name="com.pdf.compare.DynamicFilePath" time="0.114" errors="0" timestamp="2021-04-16T15:12:24 IST" skipped="0">
  <testcase classname="com.pdf.compare.DynamicFilePath" name="CountFiles" time="0.114"/>
  <system-out/>
</testsuite> <!-- com.pdf.compare.DynamicFilePath -->
