<?xml version="1.0" encoding="UTF-8"?>
<!-- Generated by org.testng.reporters.JUnitReportReporter -->
<testsuite hostname="DESKTOP-7GCNJAG" failures="0" tests="3" name="com.pdf.compare.FormatInvoice" time="0.502" errors="0" timestamp="2021-04-17T22:44:38 IST" skipped="0">
  <testcase classname="com.pdf.compare.FormatInvoice" name="searchInvoice" time="0.131"/>
  <system-out/>
  <testcase classname="com.pdf.compare.FormatInvoice" name="iteratorValues" time="0.041"/>
  <system-out/>
  <testcase classname="com.pdf.compare.FormatInvoice" name="arrayComparision" time="0.330"/>
  <system-out/>
</testsuite> <!-- com.pdf.compare.FormatInvoice -->
