<?xml version="1.0" encoding="UTF-8"?>
<!-- Generated by org.testng.reporters.JUnitReportReporter -->
<testsuite hostname="DESKTOP-7GCNJAG" failures="0" tests="1" name="com.pdf.compare.InvoiceExcelData" time="1.232" errors="0" timestamp="2021-04-10T16:42:18 IST" skipped="0">
  <testcase classname="com.pdf.compare.InvoiceExcelData" name="pullExcelData" time="1.232"/>
  <system-out/>
</testsuite> <!-- com.pdf.compare.InvoiceExcelData -->
