<?xml version="1.0" encoding="UTF-8"?>
<!-- Generated by org.testng.reporters.JUnitReportReporter -->
<testsuite hostname="DESKTOP-7GCNJAG" failures="0" tests="1" name="com.pdf.compare.SecondInvoice" time="0.024" errors="0" timestamp="2021-04-14T17:47:57 IST" skipped="0">
  <testcase classname="com.pdf.compare.SecondInvoice" name="comparingtxtfile" time="0.024"/>
  <system-out/>
</testsuite> <!-- com.pdf.compare.SecondInvoice -->
