<?xml version="1.0" encoding="UTF-8"?>
<!-- Generated by org.testng.reporters.JUnitReportReporter -->
<testsuite hostname="DESKTOP-7GCNJAG" failures="0" tests="1" name="com.crm.qa.testcases.HomePageTest" time="18.075" errors="0" timestamp="2021-03-24T16:45:04 IST" skipped="0">
  <testcase classname="com.crm.qa.testcases.HomePageTest" name="addcontactclick" time="18.075"/>
  <system-out/>
</testsuite> <!-- com.crm.qa.testcases.HomePageTest -->
