<?xml version="1.0" encoding="UTF-8"?>
<!-- Generated by org.testng.reporters.JUnitReportReporter -->
<testsuite hostname="DESKTOP-7GCNJAG" failures="0" tests="2" name="com.pdf.compare.PdfToExcel" time="1.254" errors="0" timestamp="2021-04-15T16:01:47 IST" skipped="0">
  <testcase classname="com.pdf.compare.PdfToExcel" name="pdfFile" time="0.705"/>
  <system-out/>
  <testcase classname="com.pdf.compare.PdfToExcel" name="LoadSecondFile" time="0.549"/>
  <system-out/>
</testsuite> <!-- com.pdf.compare.PdfToExcel -->
