<?xml version="1.0" encoding="UTF-8"?>
<!-- Generated by org.testng.reporters.JUnitReportReporter -->
<testsuite hostname="DESKTOP-7GCNJAG" failures="0" tests="2" name="com.pdf.compare.DocumentConversion" time="1.354" errors="0" timestamp="2021-04-12T11:13:53 IST" skipped="0">
  <testcase classname="com.pdf.compare.DocumentConversion" name="invoiceData" time="0.999"/>
  <system-out/>
  <testcase classname="com.pdf.compare.DocumentConversion" name="filterdata" time="0.355"/>
  <system-out/>
</testsuite> <!-- com.pdf.compare.DocumentConversion -->
