<?xml version="1.0" encoding="UTF-8"?>
<!-- Generated by org.testng.reporters.JUnitReportReporter -->
<testsuite hostname="DESKTOP-7GCNJAG" failures="0" tests="1" name="com.InterviewQuestions.FontSize" time="37.141" errors="0" timestamp="2021-07-15T11:08:50 IST" skipped="0">
  <testcase classname="com.InterviewQuestions.FontSize" name="checkSize" time="37.141"/>
  <system-out/>
</testsuite> <!-- com.InterviewQuestions.FontSize -->
