<?xml version="1.0" encoding="UTF-8"?>
<!-- Generated by org.testng.reporters.JUnitReportReporter -->
<testsuite hostname="DESKTOP-7GCNJAG" failures="0" tests="1" name="com.CognizantInterview.NewTab" time="22.621" errors="0" timestamp="2021-09-02T19:41:55 IST" skipped="0">
  <testcase classname="com.CognizantInterview.NewTab" name="openNewTab" time="22.621"/>
  <system-out/>
</testsuite> <!-- com.CognizantInterview.NewTab -->
