<?xml version="1.0" encoding="UTF-8"?>
<!-- Generated by org.testng.reporters.JUnitReportReporter -->
<testsuite hostname="DESKTOP-7GCNJAG" failures="0" tests="1" name="com.InterviewQuestions.NumberFormatException" time="0.062" errors="0" timestamp="2021-07-15T14:51:19 IST" skipped="0">
  <testcase classname="com.InterviewQuestions.NumberFormatException" name="getInteger" time="0.062"/>
  <system-out/>
</testsuite> <!-- com.InterviewQuestions.NumberFormatException -->
