<?xml version="1.0" encoding="UTF-8"?>
<!-- Generated by org.testng.reporters.JUnitReportReporter -->
<testsuite hostname="DESKTOP-7GCNJAG" failures="0" tests="5" name="maven.RahulTestNGDemo.AppiumDemoTest" time="0.001" errors="0" timestamp="2021-05-09T19:18:45 IST" skipped="0">
  <testcase classname="maven.RahulTestNGDemo.AppiumDemoTest" name="api" time="0.001"/>
  <system-out/>
  <testcase classname="maven.RahulTestNGDemo.AppiumDemoTest" name="api" time="0.000"/>
  <system-out/>
  <testcase classname="maven.RahulTestNGDemo.AppiumDemoTest" name="api" time="0.000"/>
  <system-out/>
  <testcase classname="maven.RahulTestNGDemo.AppiumDemoTest" name="appium" time="0.000"/>
  <system-out/>
  <testcase classname="maven.RahulTestNGDemo.AppiumDemoTest" name="restApi" time="0.000"/>
  <system-out/>
</testsuite> <!-- maven.RahulTestNGDemo.AppiumDemoTest -->
