<?xml version="1.0" encoding="UTF-8"?>
<!-- Generated by org.testng.reporters.JUnitReportReporter -->
<testsuite hostname="DESKTOP-7GCNJAG" failures="0" tests="4" name="maven.RahulTestNGDemo.JavaPrintTest" time="0.010" errors="0" timestamp="2021-05-09T19:18:45 IST" skipped="0">
  <testcase classname="maven.RahulTestNGDemo.JavaPrintTest" name="parameter" time="0.000"/>
  <system-out/>
  <testcase classname="maven.RahulTestNGDemo.JavaPrintTest" name="python" time="0.001"/>
  <system-out/>
  <testcase classname="maven.RahulTestNGDemo.JavaPrintTest" name="java" time="0.009"/>
  <system-out/>
  <testcase classname="maven.RahulTestNGDemo.JavaPrintTest" name="javaScript" time="0.000"/>
  <system-out/>
</testsuite> <!-- maven.RahulTestNGDemo.JavaPrintTest -->
