<?xml version="1.0" encoding="UTF-8"?>
<!-- Generated by org.testng.reporters.JUnitReportReporter -->
<testsuite hostname="DESKTOP-7GCNJAG" failures="0" tests="3" name="maven.RahulTestNGDemo.CarPrintTest" time="0.001" errors="0" timestamp="2021-05-09T19:18:45 IST" skipped="0">
  <testcase classname="maven.RahulTestNGDemo.CarPrintTest" name="lambergini" time="0.000"/>
  <system-out/>
  <testcase classname="maven.RahulTestNGDemo.CarPrintTest" name="ferrari" time="0.001"/>
  <system-out/>
  <testcase classname="maven.RahulTestNGDemo.CarPrintTest" name="jacquor" time="0.000"/>
  <system-out/>
</testsuite> <!-- maven.RahulTestNGDemo.CarPrintTest -->
