<?xml version="1.0" encoding="UTF-8"?>
<!-- Generated by org.testng.reporters.JUnitReportReporter -->
<testsuite hostname="DESKTOP-7GCNJAG" failures="0" tests="1" name="resources.Base" time="61.943" errors="0" timestamp="2021-05-11T13:36:13 IST" skipped="0">
  <testcase classname="resources.Base" name="intializebrowser" time="61.943"/>
  <system-out/>
</testsuite> <!-- resources.Base -->
