<?xml version="1.0" encoding="UTF-8"?>
<!-- Generated by org.testng.reporters.JUnitReportReporter -->
<testsuite hostname="DESKTOP-7GCNJAG" failures="0" tests="1" name="Academy1.ValidateTitle" time="27.161" errors="0" timestamp="2021-05-12T20:34:11 IST" skipped="0">
  <testcase classname="Academy1.ValidateTitle" name="getTitle" time="27.161"/>
  <system-out/>
</testsuite> <!-- Academy1.ValidateTitle -->
