<?xml version="1.0" encoding="UTF-8"?>
<!-- Generated by org.testng.reporters.JUnitReportReporter -->
<testsuite hostname="DESKTOP-7GCNJAG" failures="0" tests="3" name="maven.RahulTestNGDemo.CarPrintTest" time="0.012" errors="0" timestamp="2021-05-11T12:59:08 IST" skipped="0">
  <testcase classname="maven.RahulTestNGDemo.CarPrintTest" name="ferrari" time="0.002"/>
  <system-out/>
  <testcase classname="maven.RahulTestNGDemo.CarPrintTest" name="jacquor" time="0.008"/>
  <system-out/>
  <testcase classname="maven.RahulTestNGDemo.CarPrintTest" name="lambergini" time="0.002"/>
  <system-out/>
</testsuite> <!-- maven.RahulTestNGDemo.CarPrintTest -->
