<?xml version="1.0" encoding="UTF-8"?>
<!-- Generated by org.testng.reporters.JUnitReportReporter -->
<testsuite hostname="DESKTOP-7GCNJAG" failures="0" tests="4" name="maven.RahulTestNGDemo.JavaPrintTest" time="0.021" errors="0" timestamp="2021-05-11T12:59:08 IST" skipped="0">
  <testcase classname="maven.RahulTestNGDemo.JavaPrintTest" name="python" time="0.002"/>
  <system-out/>
  <testcase classname="maven.RahulTestNGDemo.JavaPrintTest" name="java" time="0.013"/>
  <system-out/>
  <testcase classname="maven.RahulTestNGDemo.JavaPrintTest" name="parameter" time="0.003"/>
  <system-out/>
  <testcase classname="maven.RahulTestNGDemo.JavaPrintTest" name="javaScript" time="0.003"/>
  <system-out/>
</testsuite> <!-- maven.RahulTestNGDemo.JavaPrintTest -->
