<?xml version="1.0" encoding="UTF-8"?>
<!-- Generated by org.testng.reporters.JUnitReportReporter -->
<testsuite hostname="DESKTOP-7GCNJAG" failures="0" tests="5" name="maven.RahulTestNGDemo.AppiumDemoTest" time="0.014" errors="0" timestamp="2021-05-11T12:59:08 IST" skipped="0">
  <testcase classname="maven.RahulTestNGDemo.AppiumDemoTest" name="api" time="0.004"/>
  <system-out/>
  <testcase classname="maven.RahulTestNGDemo.AppiumDemoTest" name="api" time="0.003"/>
  <system-out/>
  <testcase classname="maven.RahulTestNGDemo.AppiumDemoTest" name="api" time="0.004"/>
  <system-out/>
  <testcase classname="maven.RahulTestNGDemo.AppiumDemoTest" name="appium" time="0.001"/>
  <system-out/>
  <testcase classname="maven.RahulTestNGDemo.AppiumDemoTest" name="restApi" time="0.002"/>
  <system-out/>
</testsuite> <!-- maven.RahulTestNGDemo.AppiumDemoTest -->
