<?xml version="1.0" encoding="UTF-8"?>
<!-- Generated by org.testng.reporters.JUnitReportReporter -->
<testsuite hostname="DESKTOP-7GCNJAG" failures="0" tests="3" name="maven.RahulTestNGDemo.TestingMethodsTest" time="0.009" errors="0" timestamp="2021-05-11T12:59:08 IST" skipped="0">
  <testcase classname="maven.RahulTestNGDemo.TestingMethodsTest" name="regressionTest" time="0.003"/>
  <system-out/>
  <testcase classname="maven.RahulTestNGDemo.TestingMethodsTest" name="systemTest" time="0.002"/>
  <system-out/>
  <testcase classname="maven.RahulTestNGDemo.TestingMethodsTest" name="smokeTest" time="0.004"/>
  <system-out/>
</testsuite> <!-- maven.RahulTestNGDemo.TestingMethodsTest -->
