<?xml version="1.0" encoding="UTF-8"?>
<!-- Generated by org.testng.reporters.JUnitReportReporter -->
<testsuite hostname="DESKTOP-7GCNJAG" failures="0" tests="1" name="com.qaacademy.qa.TestCases.HomePageTest" time="0.895" errors="0" timestamp="2021-05-19T20:40:30 IST" skipped="0">
  <testcase classname="com.qaacademy.qa.TestCases.HomePageTest" name="getExcelData" time="0.895"/>
  <system-out/>
</testsuite> <!-- com.qaacademy.qa.TestCases.HomePageTest -->
