<?xml version="1.0" encoding="UTF-8"?>
<!-- Generated by org.testng.reporters.JUnitReportReporter -->
<testsuite hostname="DESKTOP-7GCNJAG" failures="0" tests="1" name="com.qaacademy.qa.TestCases.LoginPageTest" time="27.511" errors="0" timestamp="2021-05-17T20:26:27 IST" skipped="0">
  <testcase classname="com.qaacademy.qa.TestCases.LoginPageTest" name="getData" time="27.511"/>
  <system-out/>
</testsuite> <!-- com.qaacademy.qa.TestCases.LoginPageTest -->
