<?xml version="1.0" encoding="UTF-8"?>
<!-- Generated by org.testng.reporters.JUnitReportReporter -->
<testsuite hostname="DESKTOP-7GCNJAG" failures="0" tests="1" name="com.qaacademy.qa.TestCases.WelcomePageTest" time="39.118" errors="0" timestamp="2021-05-17T17:03:42 IST" skipped="0">
  <testcase classname="com.qaacademy.qa.TestCases.WelcomePageTest" name="getLogin" time="39.118"/>
  <system-out/>
</testsuite> <!-- com.qaacademy.qa.TestCases.WelcomePageTest -->
