<?xml version="1.0" encoding="UTF-8"?>
<!-- Generated by org.testng.reporters.JUnitReportReporter -->
<testsuite hostname="DESKTOP-7GCNJAG" failures="0" tests="1" name="clearDoubts.RevisionProject.DemoLoginCheck" time="27.709" errors="0" timestamp="2021-05-24T11:32:30 IST" skipped="0">
  <testcase classname="clearDoubts.RevisionProject.DemoLoginCheck" name="Login" time="27.709"/>
  <system-out/>
</testsuite> <!-- clearDoubts.RevisionProject.DemoLoginCheck -->
