<?xml version="1.0" encoding="UTF-8"?>
<!-- Generated by org.testng.reporters.JUnitReportReporter -->
<testsuite hostname="DESKTOP-7GCNJAG" failures="0" tests="1" name="com.DemoCommerce.qa.TestCases.AppTest" time="0.032" errors="0" timestamp="2021-05-25T16:32:00 IST" skipped="0">
  <testcase classname="com.DemoCommerce.qa.TestCases.AppTest" name="shouldAnswerWithTrue" time="0.032"/>
  <system-out/>
</testsuite> <!-- com.DemoCommerce.qa.TestCases.AppTest -->
