<?xml version="1.0" encoding="UTF-8"?>
<!-- Generated by org.testng.reporters.JUnitReportReporter -->
<testsuite hostname="DESKTOP-7GCNJAG" failures="0" tests="3" name="com.TestNGxml.TestngXmlCreation" time="0.032" errors="0" timestamp="2021-05-07T11:29:12 IST" skipped="0">
  <testcase classname="com.TestNGxml.TestngXmlCreation" name="hello2" time="0.002"/>
  <system-out/>
  <testcase classname="com.TestNGxml.TestngXmlCreation" name="hello" time="0.025"/>
  <system-out/>
  <testcase classname="com.TestNGxml.TestngXmlCreation" name="hello3" time="0.005"/>
  <system-out/>
</testsuite> <!-- com.TestNGxml.TestngXmlCreation -->
