<?xml version="1.0" encoding="UTF-8"?>
<!-- Generated by org.testng.reporters.JUnitReportReporter -->
<testsuite hostname="DESKTOP-7GCNJAG" failures="0" tests="2" name="com.TestNGxml.TestNGMethods" time="0.009" errors="0" timestamp="2021-08-12T13:31:20 IST" skipped="1">
  <testcase classname="com.TestNGxml.TestNGMethods" name="test2method" time="0.009"/>
  <system-out>
This is Test2  </system-out>
  <testcase classname="com.TestNGxml.TestNGMethods" name="testmethod">
    <skipped/>
  </testcase> <!-- testmethod -->
  <system-out/>
</testsuite> <!-- com.TestNGxml.TestNGMethods -->
