<?xml version="1.0" encoding="UTF-8"?>
<!-- Generated by org.testng.reporters.JUnitReportReporter -->
<testsuite hostname="DESKTOP-7GCNJAG" failures="0" tests="1" name="com.TestBaseConnection.TestBase" time="20.885" errors="0" timestamp="2021-05-17T10:25:01 IST" skipped="0">
  <testcase classname="com.TestBaseConnection.TestBase" name="initialization" time="20.885"/>
  <system-out/>
</testsuite> <!-- com.TestBaseConnection.TestBase -->
