<?xml version="1.0" encoding="UTF-8"?>
<!-- Generated by org.testng.reporters.JUnitReportReporter -->
<testsuite hostname="DESKTOP-7GCNJAG" failures="0" tests="1" name="pOMFramework.LandPageTest" time="17.757" errors="0" timestamp="2021-05-17T11:32:19 IST" skipped="0">
  <testcase classname="pOMFramework.LandPageTest" name="linkClick" time="17.757"/>
  <system-out/>
</testsuite> <!-- pOMFramework.LandPageTest -->
