<?xml version="1.0" encoding="UTF-8"?>
<!-- Generated by org.testng.reporters.JUnitReportReporter -->
<testsuite hostname="DESKTOP-7GCNJAG" failures="0" tests="4" name="com.demoLogin.qa.testcases.LoginPageTest" time="30.751" errors="0" timestamp="2021-05-22T13:17:04 IST" skipped="0">
  <testcase classname="com.demoLogin.qa.testcases.LoginPageTest" name="loginDataTest" time="7.609"/>
  <system-out/>
  <testcase classname="com.demoLogin.qa.testcases.LoginPageTest" name="loginDataTest" time="10.827"/>
  <system-out/>
  <testcase classname="com.demoLogin.qa.testcases.LoginPageTest" name="loginDataTest" time="6.805"/>
  <system-out/>
  <testcase classname="com.demoLogin.qa.testcases.LoginPageTest" name="loginDataTest" time="5.510"/>
  <system-out/>
</testsuite> <!-- com.demoLogin.qa.testcases.LoginPageTest -->
