<?xml version="1.0" encoding="UTF-8"?>
<!-- Generated by org.testng.reporters.JUnitReportReporter -->
<testsuite hostname="DESKTOP-7GCNJAG" failures="0" tests="4" name="com.demoLogin.qa.TestUtil.TestUtil" time="0.015" errors="0" timestamp="2021-05-20T18:49:03 IST" skipped="0">
  <testcase classname="com.demoLogin.qa.TestUtil.TestUtil" name="getdataTest" time="0.009"/>
  <system-out/>
  <testcase classname="com.demoLogin.qa.TestUtil.TestUtil" name="getdataTest" time="0.002"/>
  <system-out/>
  <testcase classname="com.demoLogin.qa.TestUtil.TestUtil" name="getdataTest" time="0.002"/>
  <system-out/>
  <testcase classname="com.demoLogin.qa.TestUtil.TestUtil" name="getdataTest" time="0.002"/>
  <system-out/>
</testsuite> <!-- com.demoLogin.qa.TestUtil.TestUtil -->
